Loaded ABI for ScrutinFactory: 6 methods
Loaded ABI for Scrutin: 17 methods
Loaded ABI for VoteSession: 22 methods
[dotenv@17.3.1] injecting env (0) from .env -- tip: ⚡️ secrets for agents: https://dotenvx.com/as2
Backend server running on http://localhost:3001
SMTP Connection Error: Error: Invalid login: 535-5.7.8 Username and Password not accepted. For more information, go to
535 5.7.8  https://support.google.com/mail/?p=BadCredentials ffacd0b85a97d-439c2f8c0e7sm7649552f8f.29 - gsmtp
    at SMTPConnection._formatError (/home/brouhane/blockchain/Blockchain-Vote/backend/node_modules/nodemailer/lib/smtp-connection/index.js:912:19)
    at SMTPConnection._actionAUTHComplete (/home/brouhane/blockchain/Blockchain-Vote/backend/node_modules/nodemailer/lib/smtp-connection/index.js:1722:34)
    at SMTPConnection.<anonymous> (/home/brouhane/blockchain/Blockchain-Vote/backend/node_modules/nodemailer/lib/smtp-connection/index.js:651:26)
    at SMTPConnection._processResponse (/home/brouhane/blockchain/Blockchain-Vote/backend/node_modules/nodemailer/lib/smtp-connection/index.js:1098:20)
    at SMTPConnection._onData (/home/brouhane/blockchain/Blockchain-Vote/backend/node_modules/nodemailer/lib/smtp-connection/index.js:872:14)
    at SMTPConnection._onSocketData (/home/brouhane/blockchain/Blockchain-Vote/backend/node_modules/nodemailer/lib/smtp-connection/index.js:196:44)
    at TLSSocket.emit (node:events:524:28)
    at addChunk (node:internal/streams/readable:561:12)
    at readableAddChunkPushByteMode (node:internal/streams/readable:512:3)
    at Readable.push (node:internal/streams/readable:392:5) {
  code: 'EAUTH',
  response: '535-5.7.8 Username and Password not accepted. For more information, go to\n' +
    '535 5.7.8  https://support.google.com/mail/?p=BadCredentials ffacd0b85a97d-439c2f8c0e7sm7649552f8f.29 - gsmtp',
  responseCode: 535,
  command: 'AUTH PLAIN'
}
[2026-03-04T06:19:49.651Z] GET /api/scrutins
Connecting to Factory at 0x5FbDB2315678afecb367f032d93F642f64180aa3
[2026-03-04T06:19:49.664Z] GET /api/auth/organizations
[0mGET /api/auth/organizations [32m200[0m 3.093 ms - 130[0m
[2026-03-04T06:19:49.672Z] GET /api/auth/users
[0mGET /api/auth/users [36m304[0m 1.346 ms - -[0m
[2026-03-04T06:19:49.681Z] GET /api/auth/users
[0mGET /api/auth/users [32m200[0m 0.877 ms - 242[0m
[2026-03-04T06:19:49.684Z] GET /api/auth/organizations
[0mGET /api/auth/organizations [36m304[0m 0.756 ms - -[0m
[0mGET /api/scrutins [32m200[0m 42.365 ms - 26[0m
[2026-03-04T06:19:49.716Z] GET /api/scrutins
Connecting to Factory at 0x5FbDB2315678afecb367f032d93F642f64180aa3
[0mGET /api/scrutins [36m304[0m 16.671 ms - -[0m
[2026-03-04T06:20:02.364Z] POST /api/auth/login
[0mPOST /api/auth/login [32m200[0m 9.090 ms - 140[0m
[2026-03-04T06:22:31.465Z] POST /api/scrutins
Creating scrutin: baudoin
Connecting to Factory at 0x5FbDB2315678afecb367f032d93F642f64180aa3
Calling createScrutin...
Transaction sent: 0xa88ce2885809928d562c6675f3bf8ea3a7496393d4b0db246e368887b2fdcbd7
Transaction confirmed in block 2
Connecting to Factory at 0x5FbDB2315678afecb367f032d93F642f64180aa3
Adding session: Top
Error sending email: Error: Invalid login: 535-5.7.8 Username and Password not accepted. For more information, go to
535 5.7.8  https://support.google.com/mail/?p=BadCredentials 5b1f17b1804b1-485188080edsm27964015e9.10 - gsmtp
    at SMTPConnection._formatError (/home/brouhane/blockchain/Blockchain-Vote/backend/node_modules/nodemailer/lib/smtp-connection/index.js:912:19)
    at SMTPConnection._actionAUTHComplete (/home/brouhane/blockchain/Blockchain-Vote/backend/node_modules/nodemailer/lib/smtp-connection/index.js:1722:34)
    at SMTPConnection.<anonymous> (/home/brouhane/blockchain/Blockchain-Vote/backend/node_modules/nodemailer/lib/smtp-connection/index.js:651:26)
    at SMTPConnection._processResponse (/home/brouhane/blockchain/Blockchain-Vote/backend/node_modules/nodemailer/lib/smtp-connection/index.js:1098:20)
    at SMTPConnection._onData (/home/brouhane/blockchain/Blockchain-Vote/backend/node_modules/nodemailer/lib/smtp-connection/index.js:872:14)
    at SMTPConnection._onSocketData (/home/brouhane/blockchain/Blockchain-Vote/backend/node_modules/nodemailer/lib/smtp-connection/index.js:196:44)
    at TLSSocket.emit (node:events:524:28)
    at addChunk (node:internal/streams/readable:561:12)
    at readableAddChunkPushByteMode (node:internal/streams/readable:512:3)
    at Readable.push (node:internal/streams/readable:392:5) {
  code: 'EAUTH',
  response: '535-5.7.8 Username and Password not accepted. For more information, go to\n' +
    '535 5.7.8  https://support.google.com/mail/?p=BadCredentials 5b1f17b1804b1-485188080edsm27964015e9.10 - gsmtp',
  responseCode: 535,
  command: 'AUTH PLAIN'
}
[0mPOST /api/scrutins [32m201[0m 1711.952 ms - 149[0m
[2026-03-04T06:22:33.149Z] GET /api/scrutins
Connecting to Factory at 0x5FbDB2315678afecb367f032d93F642f64180aa3
[0mGET /api/scrutins [32m200[0m 50.763 ms - 2695435[0m
[2026-03-04T06:24:11.091Z] GET /api/scrutins
Connecting to Factory at 0x5FbDB2315678afecb367f032d93F642f64180aa3
[2026-03-04T06:24:11.096Z] GET /api/auth/users
[0mGET /api/auth/users [36m304[0m 0.679 ms - -[0m
[2026-03-04T06:24:11.098Z] GET /api/auth/organizations
[0mGET /api/auth/organizations [36m304[0m 0.550 ms - -[0m
[2026-03-04T06:24:11.100Z] GET /api/auth/organizations
[0mGET /api/auth/organizations [32m200[0m 0.413 ms - 130[0m
[2026-03-04T06:24:11.101Z] GET /api/auth/users
[0mGET /api/auth/users [36m304[0m 0.586 ms - -[0m
[0mGET /api/scrutins [36m304[0m 89.341 ms - -[0m
[2026-03-04T06:24:11.182Z] GET /api/scrutins
Connecting to Factory at 0x5FbDB2315678afecb367f032d93F642f64180aa3
[0mGET /api/scrutins [36m304[0m 62.476 ms - -[0m
